<?xml version="1.0" encoding="UTF-8"?>
<!-- Generated by org.testng.reporters.JUnitReportReporter -->
<testsuite name="TestBase.CommonFunctionalities" tests="1" time="0.410" ignored="0" failures="0" timestamp="03 Jan 2018 16:04:14 GMT" skipped="0" hostname="DESKTOP-C39IE4K" errors="0">
  <testcase name="closeBrowser" time="0.410" classname="TestBase.CommonFunctionalities"/>
</testsuite> <!-- TestBase.CommonFunctionalities -->
