<?xml version="1.0" encoding="UTF-8"?>
<!-- Generated by org.testng.reporters.JUnitReportReporter -->
<testsuite name="TestBase.excelReader" tests="1" time="1.347" ignored="0" failures="0" timestamp="05 Jan 2018 16:37:23 GMT" skipped="0" hostname="DESKTOP-C39IE4K" errors="0">
  <testcase name="readvalues" time="1.347" classname="TestBase.excelReader"/>
</testsuite> <!-- TestBase.excelReader -->
